2022-08-24 08:32:14,875 INFO org.springframework.boot.StartupInfoLogger [main] Starting TokenProviderApplication using Java 11.0.16 on lnb036041cps with PID 272674 (/home/bchagas/Documents/MyMusic-TotalJunho/TokenProvider/target/classes started by CIANDT\bchagas in /home/bchagas/Documents/MyMusic-TotalJunho)
2022-08-24 08:32:14,878 INFO org.springframework.boot.SpringApplication [main] No active profile set, falling back to default profiles: default
2022-08-24 08:32:15,855 INFO org.springframework.boot.web.embedded.tomcat.TomcatWebServer [main] Tomcat initialized with port(s): 8081 (http)
2022-08-24 08:32:15,862 INFO org.apache.juli.logging.DirectJDKLog [main] Initializing ProtocolHandler ["http-nio-8081"]
2022-08-24 08:32:15,863 INFO org.apache.juli.logging.DirectJDKLog [main] Starting service [Tomcat]
2022-08-24 08:32:15,863 INFO org.apache.juli.logging.DirectJDKLog [main] Starting Servlet engine: [Apache Tomcat/9.0.56]
2022-08-24 08:32:15,904 INFO org.apache.juli.logging.DirectJDKLog [main] Initializing Spring embedded WebApplicationContext
2022-08-24 08:32:15,905 INFO org.springframework.boot.web.servlet.context.ServletWebServerApplicationContext [main] Root WebApplicationContext: initialization completed in 981 ms
2022-08-24 08:32:16,364 INFO org.springframework.boot.actuate.endpoint.web.EndpointLinksResolver [main] Exposing 1 endpoint(s) beneath base path '/actuator'
2022-08-24 08:32:16,380 INFO org.apache.juli.logging.DirectJDKLog [main] Starting ProtocolHandler ["http-nio-8081"]
2022-08-24 08:32:16,389 INFO org.springframework.boot.web.embedded.tomcat.TomcatWebServer [main] Tomcat started on port(s): 8081 (http) with context path ''
2022-08-24 08:32:16,403 INFO org.springframework.boot.StartupInfoLogger [main] Started TokenProviderApplication in 1.861 seconds (JVM running for 2.284)
2022-08-24 08:32:33,741 INFO org.apache.juli.logging.DirectJDKLog [http-nio-8081-exec-1] Initializing Spring DispatcherServlet 'dispatcherServlet'
2022-08-24 08:32:33,742 INFO org.springframework.web.servlet.FrameworkServlet [http-nio-8081-exec-1] Initializing Servlet 'dispatcherServlet'
2022-08-24 08:32:33,747 INFO org.springframework.web.servlet.FrameworkServlet [http-nio-8081-exec-1] Completed initialization in 5 ms
2022-08-24 08:32:33,846 INFO com.ciandt.token.provider.controllers.TokenController [http-nio-8081-exec-1] Recebido requisição para criação de token para chave: teste
2022-08-24 08:32:33,889 INFO com.ciandt.token.provider.controllers.TokenController [http-nio-8081-exec-1] Token gerado com sucesso
2022-08-24 08:32:38,518 INFO com.ciandt.token.provider.controllers.TokenAuthorizerController [http-nio-8081-exec-3] Recebido requisição para geração de token: teste
2022-08-24 08:32:38,521 INFO com.ciandt.token.provider.controllers.TokenAuthorizerController [http-nio-8081-exec-3] Token validado com sucesso
2022-08-24 08:32:52,980 INFO com.ciandt.token.provider.controllers.TokenAuthorizerController [http-nio-8081-exec-4] Recebido requisição para geração de token: teste
2022-08-24 08:32:52,983 INFO com.ciandt.token.provider.controllers.TokenAuthorizerController [http-nio-8081-exec-4] Token validado com sucesso
2022-08-24 08:34:09,573 INFO com.ciandt.token.provider.controllers.TokenAuthorizerController [http-nio-8081-exec-7] Recebido requisição para geração de token: teste
2022-08-24 08:34:09,576 INFO com.ciandt.token.provider.controllers.TokenAuthorizerController [http-nio-8081-exec-7] Token validado com sucesso
2022-08-24 08:35:32,560 INFO org.springframework.boot.StartupInfoLogger [main] Starting TokenProviderApplication using Java 11.0.16 on lnb036041cps with PID 273424 (/home/bchagas/Documents/MyMusic-TotalJunho/TokenProvider/target/classes started by CIANDT\bchagas in /home/bchagas/Documents/MyMusic-TotalJunho)
2022-08-24 08:35:32,565 INFO org.springframework.boot.SpringApplication [main] No active profile set, falling back to default profiles: default
2022-08-24 08:35:33,428 INFO org.springframework.boot.web.embedded.tomcat.TomcatWebServer [main] Tomcat initialized with port(s): 8081 (http)
2022-08-24 08:35:33,435 INFO org.apache.juli.logging.DirectJDKLog [main] Initializing ProtocolHandler ["http-nio-8081"]
2022-08-24 08:35:33,436 INFO org.apache.juli.logging.DirectJDKLog [main] Starting service [Tomcat]
2022-08-24 08:35:33,436 INFO org.apache.juli.logging.DirectJDKLog [main] Starting Servlet engine: [Apache Tomcat/9.0.56]
2022-08-24 08:35:33,475 INFO org.apache.juli.logging.DirectJDKLog [main] Initializing Spring embedded WebApplicationContext
2022-08-24 08:35:33,475 INFO org.springframework.boot.web.servlet.context.ServletWebServerApplicationContext [main] Root WebApplicationContext: initialization completed in 863 ms
2022-08-24 08:35:33,940 INFO org.springframework.boot.actuate.endpoint.web.EndpointLinksResolver [main] Exposing 1 endpoint(s) beneath base path '/actuator'
2022-08-24 08:35:33,961 INFO org.apache.juli.logging.DirectJDKLog [main] Starting ProtocolHandler ["http-nio-8081"]
2022-08-24 08:35:33,972 INFO org.springframework.boot.web.embedded.tomcat.TomcatWebServer [main] Tomcat started on port(s): 8081 (http) with context path ''
2022-08-24 08:35:33,987 INFO org.springframework.boot.StartupInfoLogger [main] Started TokenProviderApplication in 1.774 seconds (JVM running for 2.145)
2022-08-24 08:37:02,410 INFO org.springframework.boot.StartupInfoLogger [main] Starting TokenProviderApplication using Java 11.0.16 on lnb036041cps with PID 273747 (/home/bchagas/Documents/MyMusic-TotalJunho/TokenProvider/target/classes started by CIANDT\bchagas in /home/bchagas/Documents/MyMusic-TotalJunho)
2022-08-24 08:37:02,412 INFO org.springframework.boot.SpringApplication [main] No active profile set, falling back to default profiles: default
2022-08-24 08:37:03,291 INFO org.springframework.boot.web.embedded.tomcat.TomcatWebServer [main] Tomcat initialized with port(s): 8081 (http)
2022-08-24 08:37:03,300 INFO org.apache.juli.logging.DirectJDKLog [main] Initializing ProtocolHandler ["http-nio-8081"]
2022-08-24 08:37:03,301 INFO org.apache.juli.logging.DirectJDKLog [main] Starting service [Tomcat]
2022-08-24 08:37:03,301 INFO org.apache.juli.logging.DirectJDKLog [main] Starting Servlet engine: [Apache Tomcat/9.0.56]
2022-08-24 08:37:03,347 INFO org.apache.juli.logging.DirectJDKLog [main] Initializing Spring embedded WebApplicationContext
2022-08-24 08:37:03,347 INFO org.springframework.boot.web.servlet.context.ServletWebServerApplicationContext [main] Root WebApplicationContext: initialization completed in 895 ms
2022-08-24 08:37:03,718 INFO org.springframework.boot.actuate.endpoint.web.EndpointLinksResolver [main] Exposing 1 endpoint(s) beneath base path '/actuator'
2022-08-24 08:37:03,733 INFO org.apache.juli.logging.DirectJDKLog [main] Starting ProtocolHandler ["http-nio-8081"]
2022-08-24 08:37:03,741 INFO org.springframework.boot.web.embedded.tomcat.TomcatWebServer [main] Tomcat started on port(s): 8081 (http) with context path ''
2022-08-24 08:37:03,751 INFO org.springframework.boot.StartupInfoLogger [main] Started TokenProviderApplication in 1.653 seconds (JVM running for 2.059)
2022-08-24 08:51:24,905 INFO org.springframework.boot.StartupInfoLogger [main] Starting TokenProviderApplication using Java 11.0.16 on lnb036041cps with PID 289025 (/home/bchagas/Documents/MyMusic-TotalJunho/TokenProvider/target/classes started by CIANDT\bchagas in /home/bchagas/Documents/MyMusic-TotalJunho)
2022-08-24 08:51:24,907 INFO org.springframework.boot.SpringApplication [main] No active profile set, falling back to default profiles: default
2022-08-24 08:51:25,603 INFO org.springframework.boot.web.embedded.tomcat.TomcatWebServer [main] Tomcat initialized with port(s): 8081 (http)
2022-08-24 08:51:25,611 INFO org.apache.juli.logging.DirectJDKLog [main] Initializing ProtocolHandler ["http-nio-8081"]
2022-08-24 08:51:25,611 INFO org.apache.juli.logging.DirectJDKLog [main] Starting service [Tomcat]
2022-08-24 08:51:25,611 INFO org.apache.juli.logging.DirectJDKLog [main] Starting Servlet engine: [Apache Tomcat/9.0.56]
2022-08-24 08:51:25,645 INFO org.apache.juli.logging.DirectJDKLog [main] Initializing Spring embedded WebApplicationContext
2022-08-24 08:51:25,645 INFO org.springframework.boot.web.servlet.context.ServletWebServerApplicationContext [main] Root WebApplicationContext: initialization completed in 699 ms
2022-08-24 08:51:25,977 INFO org.springframework.boot.actuate.endpoint.web.EndpointLinksResolver [main] Exposing 1 endpoint(s) beneath base path '/actuator'
2022-08-24 08:51:25,991 INFO org.apache.juli.logging.DirectJDKLog [main] Starting ProtocolHandler ["http-nio-8081"]
2022-08-24 08:51:25,999 INFO org.springframework.boot.web.embedded.tomcat.TomcatWebServer [main] Tomcat started on port(s): 8081 (http) with context path ''
2022-08-24 08:51:26,008 INFO org.springframework.boot.StartupInfoLogger [main] Started TokenProviderApplication in 1.43 seconds (JVM running for 1.849)
2022-08-24 08:51:38,690 INFO org.apache.juli.logging.DirectJDKLog [http-nio-8081-exec-1] Initializing Spring DispatcherServlet 'dispatcherServlet'
2022-08-24 08:51:38,690 INFO org.springframework.web.servlet.FrameworkServlet [http-nio-8081-exec-1] Initializing Servlet 'dispatcherServlet'
2022-08-24 08:51:38,693 INFO org.springframework.web.servlet.FrameworkServlet [http-nio-8081-exec-1] Completed initialization in 3 ms
2022-08-24 08:51:38,787 INFO com.ciandt.token.provider.controllers.TokenAuthorizerController [http-nio-8081-exec-1] Recebido requisição para geração de token: teste
2022-08-24 08:51:38,831 ERROR com.ciandt.token.provider.controllers.TokenAuthorizerController [http-nio-8081-exec-1] Requisição inválida: Token expirado
2022-08-24 08:51:42,497 INFO com.ciandt.token.provider.controllers.TokenController [http-nio-8081-exec-3] Recebido requisição para criação de token para chave: teste
2022-08-24 08:51:42,502 INFO com.ciandt.token.provider.controllers.TokenController [http-nio-8081-exec-3] Token gerado com sucesso
2022-08-24 08:51:50,182 INFO com.ciandt.token.provider.controllers.TokenAuthorizerController [http-nio-8081-exec-4] Recebido requisição para geração de token: teste
2022-08-24 08:51:50,185 INFO com.ciandt.token.provider.controllers.TokenAuthorizerController [http-nio-8081-exec-4] Token validado com sucesso
2022-08-24 08:52:06,672 INFO com.ciandt.token.provider.controllers.TokenAuthorizerController [http-nio-8081-exec-5] Recebido requisição para geração de token: teste
2022-08-24 08:52:06,674 INFO com.ciandt.token.provider.controllers.TokenAuthorizerController [http-nio-8081-exec-5] Token validado com sucesso
2022-08-24 08:52:17,854 INFO com.ciandt.token.provider.controllers.TokenAuthorizerController [http-nio-8081-exec-6] Recebido requisição para geração de token: teste
2022-08-24 08:52:17,855 INFO com.ciandt.token.provider.controllers.TokenAuthorizerController [http-nio-8081-exec-6] Token validado com sucesso
2022-08-24 08:52:33,906 INFO com.ciandt.token.provider.controllers.TokenAuthorizerController [http-nio-8081-exec-7] Recebido requisição para geração de token: teste
2022-08-24 08:52:33,907 INFO com.ciandt.token.provider.controllers.TokenAuthorizerController [http-nio-8081-exec-7] Token validado com sucesso
2022-08-24 08:52:37,154 INFO com.ciandt.token.provider.controllers.TokenAuthorizerController [http-nio-8081-exec-8] Recebido requisição para geração de token: teste
2022-08-24 08:52:37,156 INFO com.ciandt.token.provider.controllers.TokenAuthorizerController [http-nio-8081-exec-8] Token validado com sucesso
2022-08-24 09:04:46,181 INFO org.springframework.boot.StartupInfoLogger [main] Starting TokenProviderApplication using Java 11.0.16 on lnb036041cps with PID 290672 (/home/bchagas/Documents/MyMusic-TotalJunho/TokenProvider/target/classes started by CIANDT\bchagas in /home/bchagas/Documents/MyMusic-TotalJunho)
2022-08-24 09:04:46,183 INFO org.springframework.boot.SpringApplication [main] No active profile set, falling back to default profiles: default
2022-08-24 09:04:47,079 INFO org.springframework.boot.web.embedded.tomcat.TomcatWebServer [main] Tomcat initialized with port(s): 8081 (http)
2022-08-24 09:04:47,090 INFO org.apache.juli.logging.DirectJDKLog [main] Initializing ProtocolHandler ["http-nio-8081"]
2022-08-24 09:04:47,091 INFO org.apache.juli.logging.DirectJDKLog [main] Starting service [Tomcat]
2022-08-24 09:04:47,091 INFO org.apache.juli.logging.DirectJDKLog [main] Starting Servlet engine: [Apache Tomcat/9.0.56]
2022-08-24 09:04:47,148 INFO org.apache.juli.logging.DirectJDKLog [main] Initializing Spring embedded WebApplicationContext
2022-08-24 09:04:47,148 INFO org.springframework.boot.web.servlet.context.ServletWebServerApplicationContext [main] Root WebApplicationContext: initialization completed in 919 ms
2022-08-24 09:04:47,636 INFO org.springframework.boot.actuate.endpoint.web.EndpointLinksResolver [main] Exposing 1 endpoint(s) beneath base path '/actuator'
2022-08-24 09:04:47,656 INFO org.apache.juli.logging.DirectJDKLog [main] Starting ProtocolHandler ["http-nio-8081"]
2022-08-24 09:04:47,666 INFO org.springframework.boot.web.embedded.tomcat.TomcatWebServer [main] Tomcat started on port(s): 8081 (http) with context path ''
2022-08-24 09:04:47,680 INFO org.springframework.boot.StartupInfoLogger [main] Started TokenProviderApplication in 1.836 seconds (JVM running for 2.224)
2022-08-24 09:05:06,044 INFO org.apache.juli.logging.DirectJDKLog [http-nio-8081-exec-1] Initializing Spring DispatcherServlet 'dispatcherServlet'
2022-08-24 09:05:06,044 INFO org.springframework.web.servlet.FrameworkServlet [http-nio-8081-exec-1] Initializing Servlet 'dispatcherServlet'
2022-08-24 09:05:06,047 INFO org.springframework.web.servlet.FrameworkServlet [http-nio-8081-exec-1] Completed initialization in 3 ms
2022-08-24 09:05:06,127 INFO com.ciandt.token.provider.controllers.TokenAuthorizerController [http-nio-8081-exec-1] Recebido requisição para geração de token: teste
2022-08-24 09:05:06,165 INFO com.ciandt.token.provider.controllers.TokenAuthorizerController [http-nio-8081-exec-1] Token validado com sucesso
2022-08-24 09:05:10,968 INFO com.ciandt.token.provider.controllers.TokenAuthorizerController [http-nio-8081-exec-2] Recebido requisição para geração de token: teste
2022-08-24 09:05:10,970 INFO com.ciandt.token.provider.controllers.TokenAuthorizerController [http-nio-8081-exec-2] Token validado com sucesso
2022-08-24 09:05:19,201 INFO com.ciandt.token.provider.controllers.TokenAuthorizerController [http-nio-8081-exec-3] Recebido requisição para geração de token: teste
2022-08-24 09:05:19,203 INFO com.ciandt.token.provider.controllers.TokenAuthorizerController [http-nio-8081-exec-3] Token validado com sucesso
2022-08-24 09:05:28,809 INFO com.ciandt.token.provider.controllers.TokenAuthorizerController [http-nio-8081-exec-4] Recebido requisição para geração de token: teste
2022-08-24 09:05:28,811 INFO com.ciandt.token.provider.controllers.TokenAuthorizerController [http-nio-8081-exec-4] Token validado com sucesso
2022-08-24 09:05:33,150 INFO com.ciandt.token.provider.controllers.TokenAuthorizerController [http-nio-8081-exec-5] Recebido requisição para geração de token: teste
2022-08-24 09:05:33,151 INFO com.ciandt.token.provider.controllers.TokenAuthorizerController [http-nio-8081-exec-5] Token validado com sucesso
2022-08-24 09:05:36,310 INFO com.ciandt.token.provider.controllers.TokenAuthorizerController [http-nio-8081-exec-6] Recebido requisição para geração de token: teste
2022-08-24 09:05:36,311 INFO com.ciandt.token.provider.controllers.TokenAuthorizerController [http-nio-8081-exec-6] Token validado com sucesso
2022-08-24 09:05:53,498 INFO com.ciandt.token.provider.controllers.TokenAuthorizerController [http-nio-8081-exec-7] Recebido requisição para geração de token: teste
2022-08-24 09:05:53,499 INFO com.ciandt.token.provider.controllers.TokenAuthorizerController [http-nio-8081-exec-7] Token validado com sucesso
2022-08-24 09:14:40,057 INFO org.springframework.boot.StartupInfoLogger [main] Starting TokenProviderApplication using Java 11.0.16 on lnb036041cps with PID 293261 (/home/bchagas/Documents/MyMusic-TotalJunho/TokenProvider/target/classes started by CIANDT\bchagas in /home/bchagas/Documents/MyMusic-TotalJunho)
2022-08-24 09:14:40,059 INFO org.springframework.boot.SpringApplication [main] No active profile set, falling back to default profiles: default
2022-08-24 09:14:40,771 INFO org.springframework.boot.web.embedded.tomcat.TomcatWebServer [main] Tomcat initialized with port(s): 8081 (http)
2022-08-24 09:14:40,780 INFO org.apache.juli.logging.DirectJDKLog [main] Initializing ProtocolHandler ["http-nio-8081"]
2022-08-24 09:14:40,781 INFO org.apache.juli.logging.DirectJDKLog [main] Starting service [Tomcat]
2022-08-24 09:14:40,781 INFO org.apache.juli.logging.DirectJDKLog [main] Starting Servlet engine: [Apache Tomcat/9.0.56]
2022-08-24 09:14:40,825 INFO org.apache.juli.logging.DirectJDKLog [main] Initializing Spring embedded WebApplicationContext
2022-08-24 09:14:40,826 INFO org.springframework.boot.web.servlet.context.ServletWebServerApplicationContext [main] Root WebApplicationContext: initialization completed in 732 ms
2022-08-24 09:14:41,250 INFO org.springframework.boot.actuate.endpoint.web.EndpointLinksResolver [main] Exposing 1 endpoint(s) beneath base path '/actuator'
2022-08-24 09:14:41,266 INFO org.apache.juli.logging.DirectJDKLog [main] Starting ProtocolHandler ["http-nio-8081"]
2022-08-24 09:14:41,275 INFO org.springframework.boot.web.embedded.tomcat.TomcatWebServer [main] Tomcat started on port(s): 8081 (http) with context path ''
2022-08-24 09:14:41,285 INFO org.springframework.boot.StartupInfoLogger [main] Started TokenProviderApplication in 1.557 seconds (JVM running for 1.898)
2022-08-24 09:14:54,132 INFO org.apache.juli.logging.DirectJDKLog [http-nio-8081-exec-1] Initializing Spring DispatcherServlet 'dispatcherServlet'
2022-08-24 09:14:54,133 INFO org.springframework.web.servlet.FrameworkServlet [http-nio-8081-exec-1] Initializing Servlet 'dispatcherServlet'
2022-08-24 09:14:54,137 INFO org.springframework.web.servlet.FrameworkServlet [http-nio-8081-exec-1] Completed initialization in 4 ms
2022-08-24 09:14:54,242 INFO com.ciandt.token.provider.controllers.TokenAuthorizerController [http-nio-8081-exec-1] Recebido requisição para geração de token: teste
2022-08-24 09:14:54,274 ERROR com.ciandt.token.provider.controllers.TokenAuthorizerController [http-nio-8081-exec-1] Requisição inválida: Token expirado
2022-08-24 09:14:57,538 INFO com.ciandt.token.provider.controllers.TokenController [http-nio-8081-exec-3] Recebido requisição para criação de token para chave: teste
2022-08-24 09:14:57,543 INFO com.ciandt.token.provider.controllers.TokenController [http-nio-8081-exec-3] Token gerado com sucesso
2022-08-24 09:15:04,299 INFO com.ciandt.token.provider.controllers.TokenAuthorizerController [http-nio-8081-exec-4] Recebido requisição para geração de token: teste
2022-08-24 09:15:04,302 INFO com.ciandt.token.provider.controllers.TokenAuthorizerController [http-nio-8081-exec-4] Token validado com sucesso
2022-08-24 09:15:11,331 INFO com.ciandt.token.provider.controllers.TokenAuthorizerController [http-nio-8081-exec-5] Recebido requisição para geração de token: teste
2022-08-24 09:15:11,332 ERROR com.ciandt.token.provider.controllers.TokenAuthorizerController [http-nio-8081-exec-5] Requisição inválida: Token expirado
2022-08-24 09:15:18,104 INFO com.ciandt.token.provider.controllers.TokenAuthorizerController [http-nio-8081-exec-6] Recebido requisição para geração de token: teste
2022-08-24 09:15:18,106 INFO com.ciandt.token.provider.controllers.TokenAuthorizerController [http-nio-8081-exec-6] Token validado com sucesso
2022-08-24 09:16:49,349 INFO org.springframework.boot.StartupInfoLogger [main] Starting TokenProviderApplication using Java 11.0.16 on lnb036041cps with PID 293769 (/home/bchagas/Documents/MyMusic-TotalJunho/TokenProvider/target/classes started by CIANDT\bchagas in /home/bchagas/Documents/MyMusic-TotalJunho)
2022-08-24 09:16:49,356 INFO org.springframework.boot.SpringApplication [main] No active profile set, falling back to default profiles: default
2022-08-24 09:16:50,137 INFO org.springframework.boot.web.embedded.tomcat.TomcatWebServer [main] Tomcat initialized with port(s): 8081 (http)
2022-08-24 09:16:50,144 INFO org.apache.juli.logging.DirectJDKLog [main] Initializing ProtocolHandler ["http-nio-8081"]
2022-08-24 09:16:50,144 INFO org.apache.juli.logging.DirectJDKLog [main] Starting service [Tomcat]
2022-08-24 09:16:50,144 INFO org.apache.juli.logging.DirectJDKLog [main] Starting Servlet engine: [Apache Tomcat/9.0.56]
2022-08-24 09:16:50,181 INFO org.apache.juli.logging.DirectJDKLog [main] Initializing Spring embedded WebApplicationContext
2022-08-24 09:16:50,181 INFO org.springframework.boot.web.servlet.context.ServletWebServerApplicationContext [main] Root WebApplicationContext: initialization completed in 785 ms
2022-08-24 09:16:50,674 INFO org.springframework.boot.actuate.endpoint.web.EndpointLinksResolver [main] Exposing 1 endpoint(s) beneath base path '/actuator'
2022-08-24 09:16:50,694 INFO org.apache.juli.logging.DirectJDKLog [main] Starting ProtocolHandler ["http-nio-8081"]
2022-08-24 09:16:50,706 INFO org.springframework.boot.web.embedded.tomcat.TomcatWebServer [main] Tomcat started on port(s): 8081 (http) with context path ''
2022-08-24 09:16:50,720 INFO org.springframework.boot.StartupInfoLogger [main] Started TokenProviderApplication in 1.685 seconds (JVM running for 2.073)
2022-08-24 09:17:03,659 INFO org.apache.juli.logging.DirectJDKLog [http-nio-8081-exec-1] Initializing Spring DispatcherServlet 'dispatcherServlet'
2022-08-24 09:17:03,660 INFO org.springframework.web.servlet.FrameworkServlet [http-nio-8081-exec-1] Initializing Servlet 'dispatcherServlet'
2022-08-24 09:17:03,663 INFO org.springframework.web.servlet.FrameworkServlet [http-nio-8081-exec-1] Completed initialization in 3 ms
2022-08-24 09:17:03,764 INFO com.ciandt.token.provider.controllers.TokenAuthorizerController [http-nio-8081-exec-1] Recebido requisição para geração de token: teste
2022-08-24 09:17:03,812 INFO com.ciandt.token.provider.controllers.TokenAuthorizerController [http-nio-8081-exec-1] Token validado com sucesso
2022-08-24 09:17:08,117 INFO com.ciandt.token.provider.controllers.TokenAuthorizerController [http-nio-8081-exec-2] Recebido requisição para geração de token: teste
2022-08-24 09:17:08,118 INFO com.ciandt.token.provider.controllers.TokenAuthorizerController [http-nio-8081-exec-2] Token validado com sucesso
2022-08-24 09:17:11,795 INFO com.ciandt.token.provider.controllers.TokenAuthorizerController [http-nio-8081-exec-3] Recebido requisição para geração de token: teste
2022-08-24 09:17:11,797 INFO com.ciandt.token.provider.controllers.TokenAuthorizerController [http-nio-8081-exec-3] Token validado com sucesso
2022-08-24 09:17:14,979 INFO com.ciandt.token.provider.controllers.TokenAuthorizerController [http-nio-8081-exec-4] Recebido requisição para geração de token: teste
2022-08-24 09:17:14,980 INFO com.ciandt.token.provider.controllers.TokenAuthorizerController [http-nio-8081-exec-4] Token validado com sucesso
2022-08-24 09:26:14,111 INFO org.springframework.boot.StartupInfoLogger [main] Starting TokenProviderApplication using Java 11.0.16 on lnb036041cps with PID 294886 (/home/bchagas/Documents/MyMusic-TotalJunho/TokenProvider/target/classes started by CIANDT\bchagas in /home/bchagas/Documents/MyMusic-TotalJunho)
2022-08-24 09:26:14,114 INFO org.springframework.boot.SpringApplication [main] No active profile set, falling back to default profiles: default
2022-08-24 09:26:14,899 INFO org.springframework.boot.web.embedded.tomcat.TomcatWebServer [main] Tomcat initialized with port(s): 8081 (http)
2022-08-24 09:26:14,907 INFO org.apache.juli.logging.DirectJDKLog [main] Initializing ProtocolHandler ["http-nio-8081"]
2022-08-24 09:26:14,908 INFO org.apache.juli.logging.DirectJDKLog [main] Starting service [Tomcat]
2022-08-24 09:26:14,909 INFO org.apache.juli.logging.DirectJDKLog [main] Starting Servlet engine: [Apache Tomcat/9.0.56]
2022-08-24 09:26:14,957 INFO org.apache.juli.logging.DirectJDKLog [main] Initializing Spring embedded WebApplicationContext
2022-08-24 09:26:14,957 INFO org.springframework.boot.web.servlet.context.ServletWebServerApplicationContext [main] Root WebApplicationContext: initialization completed in 803 ms
2022-08-24 09:26:15,348 INFO org.springframework.boot.actuate.endpoint.web.EndpointLinksResolver [main] Exposing 1 endpoint(s) beneath base path '/actuator'
2022-08-24 09:26:15,364 INFO org.apache.juli.logging.DirectJDKLog [main] Starting ProtocolHandler ["http-nio-8081"]
2022-08-24 09:26:15,373 INFO org.springframework.boot.web.embedded.tomcat.TomcatWebServer [main] Tomcat started on port(s): 8081 (http) with context path ''
2022-08-24 09:26:15,383 INFO org.springframework.boot.StartupInfoLogger [main] Started TokenProviderApplication in 1.626 seconds (JVM running for 2.001)
2022-08-24 09:26:29,655 INFO org.apache.juli.logging.DirectJDKLog [http-nio-8081-exec-1] Initializing Spring DispatcherServlet 'dispatcherServlet'
2022-08-24 09:26:29,655 INFO org.springframework.web.servlet.FrameworkServlet [http-nio-8081-exec-1] Initializing Servlet 'dispatcherServlet'
2022-08-24 09:26:29,661 INFO org.springframework.web.servlet.FrameworkServlet [http-nio-8081-exec-1] Completed initialization in 5 ms
2022-08-24 09:26:29,780 INFO com.ciandt.token.provider.controllers.TokenAuthorizerController [http-nio-8081-exec-1] Recebido requisição para geração de token: teste
2022-08-24 09:26:29,825 INFO com.ciandt.token.provider.controllers.TokenAuthorizerController [http-nio-8081-exec-1] Token validado com sucesso
2022-08-24 09:26:33,485 INFO com.ciandt.token.provider.controllers.TokenAuthorizerController [http-nio-8081-exec-2] Recebido requisição para geração de token: teste
2022-08-24 09:26:33,488 INFO com.ciandt.token.provider.controllers.TokenAuthorizerController [http-nio-8081-exec-2] Token validado com sucesso
2022-08-24 09:26:50,418 INFO com.ciandt.token.provider.controllers.TokenAuthorizerController [http-nio-8081-exec-3] Recebido requisição para geração de token: teste
2022-08-24 09:26:50,420 INFO com.ciandt.token.provider.controllers.TokenAuthorizerController [http-nio-8081-exec-3] Token validado com sucesso
2022-08-24 09:28:49,080 INFO org.springframework.boot.StartupInfoLogger [main] Starting TokenProviderApplication using Java 11.0.16 on lnb036041cps with PID 295300 (/home/bchagas/Documents/MyMusic-TotalJunho/TokenProvider/target/classes started by CIANDT\bchagas in /home/bchagas/Documents/MyMusic-TotalJunho)
2022-08-24 09:28:49,082 INFO org.springframework.boot.SpringApplication [main] No active profile set, falling back to default profiles: default
2022-08-24 09:28:49,843 INFO org.springframework.boot.web.embedded.tomcat.TomcatWebServer [main] Tomcat initialized with port(s): 8081 (http)
2022-08-24 09:28:49,851 INFO org.apache.juli.logging.DirectJDKLog [main] Initializing ProtocolHandler ["http-nio-8081"]
2022-08-24 09:28:49,852 INFO org.apache.juli.logging.DirectJDKLog [main] Starting service [Tomcat]
2022-08-24 09:28:49,852 INFO org.apache.juli.logging.DirectJDKLog [main] Starting Servlet engine: [Apache Tomcat/9.0.56]
2022-08-24 09:28:49,892 INFO org.apache.juli.logging.DirectJDKLog [main] Initializing Spring embedded WebApplicationContext
2022-08-24 09:28:49,893 INFO org.springframework.boot.web.servlet.context.ServletWebServerApplicationContext [main] Root WebApplicationContext: initialization completed in 777 ms
2022-08-24 09:28:50,232 INFO org.springframework.boot.actuate.endpoint.web.EndpointLinksResolver [main] Exposing 1 endpoint(s) beneath base path '/actuator'
2022-08-24 09:28:50,247 INFO org.apache.juli.logging.DirectJDKLog [main] Starting ProtocolHandler ["http-nio-8081"]
2022-08-24 09:28:50,255 INFO org.springframework.boot.web.embedded.tomcat.TomcatWebServer [main] Tomcat started on port(s): 8081 (http) with context path ''
2022-08-24 09:28:50,266 INFO org.springframework.boot.StartupInfoLogger [main] Started TokenProviderApplication in 1.491 seconds (JVM running for 1.888)
2022-08-24 09:29:00,925 INFO org.apache.juli.logging.DirectJDKLog [http-nio-8081-exec-1] Initializing Spring DispatcherServlet 'dispatcherServlet'
2022-08-24 09:29:00,926 INFO org.springframework.web.servlet.FrameworkServlet [http-nio-8081-exec-1] Initializing Servlet 'dispatcherServlet'
2022-08-24 09:29:00,932 INFO org.springframework.web.servlet.FrameworkServlet [http-nio-8081-exec-1] Completed initialization in 5 ms
2022-08-24 09:29:01,048 INFO com.ciandt.token.provider.controllers.TokenAuthorizerController [http-nio-8081-exec-1] Recebido requisição para geração de token: teste
2022-08-24 09:29:01,082 INFO com.ciandt.token.provider.controllers.TokenAuthorizerController [http-nio-8081-exec-1] Token validado com sucesso
2022-08-24 09:29:07,702 INFO com.ciandt.token.provider.controllers.TokenAuthorizerController [http-nio-8081-exec-2] Recebido requisição para geração de token: teste
2022-08-24 09:29:07,704 INFO com.ciandt.token.provider.controllers.TokenAuthorizerController [http-nio-8081-exec-2] Token validado com sucesso
2022-08-24 09:29:29,986 INFO com.ciandt.token.provider.controllers.TokenAuthorizerController [http-nio-8081-exec-3] Recebido requisição para geração de token: teste
2022-08-24 09:29:29,987 INFO com.ciandt.token.provider.controllers.TokenAuthorizerController [http-nio-8081-exec-3] Token validado com sucesso
2022-08-24 09:29:38,969 INFO com.ciandt.token.provider.controllers.TokenAuthorizerController [http-nio-8081-exec-4] Recebido requisição para geração de token: teste
2022-08-24 09:29:38,971 INFO com.ciandt.token.provider.controllers.TokenAuthorizerController [http-nio-8081-exec-4] Token validado com sucesso
2022-08-24 09:29:51,072 INFO com.ciandt.token.provider.controllers.TokenAuthorizerController [http-nio-8081-exec-5] Recebido requisição para geração de token: teste
2022-08-24 09:29:51,073 INFO com.ciandt.token.provider.controllers.TokenAuthorizerController [http-nio-8081-exec-5] Token validado com sucesso
2022-08-24 09:30:04,434 INFO com.ciandt.token.provider.controllers.TokenAuthorizerController [http-nio-8081-exec-6] Recebido requisição para geração de token: teste
2022-08-24 09:30:04,436 ERROR com.ciandt.token.provider.controllers.TokenAuthorizerController [http-nio-8081-exec-6] Requisição inválida: Token expirado
2022-08-24 09:30:08,445 INFO com.ciandt.token.provider.controllers.TokenController [http-nio-8081-exec-8] Recebido requisição para criação de token para chave: teste
2022-08-24 09:30:08,450 INFO com.ciandt.token.provider.controllers.TokenController [http-nio-8081-exec-8] Token gerado com sucesso
2022-08-24 09:30:14,634 INFO com.ciandt.token.provider.controllers.TokenAuthorizerController [http-nio-8081-exec-9] Recebido requisição para geração de token: teste
2022-08-24 09:30:14,636 INFO com.ciandt.token.provider.controllers.TokenAuthorizerController [http-nio-8081-exec-9] Token validado com sucesso
2022-08-24 09:30:31,958 INFO com.ciandt.token.provider.controllers.TokenAuthorizerController [http-nio-8081-exec-10] Recebido requisição para geração de token: teste
2022-08-24 09:30:31,960 INFO com.ciandt.token.provider.controllers.TokenAuthorizerController [http-nio-8081-exec-10] Token validado com sucesso
2022-08-24 09:30:40,855 INFO com.ciandt.token.provider.controllers.TokenAuthorizerController [http-nio-8081-exec-1] Recebido requisição para geração de token: teste
2022-08-24 09:30:40,856 INFO com.ciandt.token.provider.controllers.TokenAuthorizerController [http-nio-8081-exec-1] Token validado com sucesso
2022-08-24 09:30:52,738 INFO com.ciandt.token.provider.controllers.TokenAuthorizerController [http-nio-8081-exec-2] Recebido requisição para geração de token: teste
2022-08-24 09:30:52,739 INFO com.ciandt.token.provider.controllers.TokenAuthorizerController [http-nio-8081-exec-2] Token validado com sucesso
2022-08-24 09:41:44,209 INFO org.springframework.boot.StartupInfoLogger [main] Starting TokenProviderApplication using Java 11.0.16 on lnb036041cps with PID 296490 (/home/bchagas/Documents/MyMusic-TotalJunho/TokenProvider/target/classes started by CIANDT\bchagas in /home/bchagas/Documents/MyMusic-TotalJunho)
2022-08-24 09:41:44,211 INFO org.springframework.boot.SpringApplication [main] No active profile set, falling back to default profiles: default
2022-08-24 09:41:44,897 INFO org.springframework.boot.web.embedded.tomcat.TomcatWebServer [main] Tomcat initialized with port(s): 8081 (http)
2022-08-24 09:41:44,904 INFO org.apache.juli.logging.DirectJDKLog [main] Initializing ProtocolHandler ["http-nio-8081"]
2022-08-24 09:41:44,904 INFO org.apache.juli.logging.DirectJDKLog [main] Starting service [Tomcat]
2022-08-24 09:41:44,904 INFO org.apache.juli.logging.DirectJDKLog [main] Starting Servlet engine: [Apache Tomcat/9.0.56]
2022-08-24 09:41:44,939 INFO org.apache.juli.logging.DirectJDKLog [main] Initializing Spring embedded WebApplicationContext
2022-08-24 09:41:44,939 INFO org.springframework.boot.web.servlet.context.ServletWebServerApplicationContext [main] Root WebApplicationContext: initialization completed in 696 ms
2022-08-24 09:41:45,260 INFO org.springframework.boot.actuate.endpoint.web.EndpointLinksResolver [main] Exposing 1 endpoint(s) beneath base path '/actuator'
2022-08-24 09:41:45,273 INFO org.apache.juli.logging.DirectJDKLog [main] Starting ProtocolHandler ["http-nio-8081"]
2022-08-24 09:41:45,280 INFO org.springframework.boot.web.embedded.tomcat.TomcatWebServer [main] Tomcat started on port(s): 8081 (http) with context path ''
2022-08-24 09:41:45,290 INFO org.springframework.boot.StartupInfoLogger [main] Started TokenProviderApplication in 1.4 seconds (JVM running for 1.79)
2022-08-24 09:41:59,485 INFO org.apache.juli.logging.DirectJDKLog [http-nio-8081-exec-1] Initializing Spring DispatcherServlet 'dispatcherServlet'
2022-08-24 09:41:59,486 INFO org.springframework.web.servlet.FrameworkServlet [http-nio-8081-exec-1] Initializing Servlet 'dispatcherServlet'
2022-08-24 09:41:59,490 INFO org.springframework.web.servlet.FrameworkServlet [http-nio-8081-exec-1] Completed initialization in 4 ms
2022-08-24 09:41:59,596 INFO com.ciandt.token.provider.controllers.TokenAuthorizerController [http-nio-8081-exec-1] Recebido requisição para geração de token: teste
2022-08-24 09:41:59,638 INFO com.ciandt.token.provider.controllers.TokenAuthorizerController [http-nio-8081-exec-1] Token validado com sucesso
2022-08-24 09:42:17,602 INFO com.ciandt.token.provider.controllers.TokenAuthorizerController [http-nio-8081-exec-2] Recebido requisição para geração de token: teste
2022-08-24 09:42:17,604 INFO com.ciandt.token.provider.controllers.TokenAuthorizerController [http-nio-8081-exec-2] Token validado com sucesso
2022-08-24 09:43:12,908 INFO com.ciandt.token.provider.controllers.TokenAuthorizerController [http-nio-8081-exec-3] Recebido requisição para geração de token: teste
2022-08-24 09:43:12,911 INFO com.ciandt.token.provider.controllers.TokenAuthorizerController [http-nio-8081-exec-3] Token validado com sucesso
2022-08-24 09:46:28,289 INFO org.springframework.boot.StartupInfoLogger [main] Starting TokenProviderApplication using Java 11.0.16 on lnb036041cps with PID 297025 (/home/bchagas/Documents/MyMusic-TotalJunho/TokenProvider/target/classes started by CIANDT\bchagas in /home/bchagas/Documents/MyMusic-TotalJunho)
2022-08-24 09:46:28,291 INFO org.springframework.boot.SpringApplication [main] No active profile set, falling back to default profiles: default
2022-08-24 09:46:29,124 INFO org.springframework.boot.web.embedded.tomcat.TomcatWebServer [main] Tomcat initialized with port(s): 8081 (http)
2022-08-24 09:46:29,135 INFO org.apache.juli.logging.DirectJDKLog [main] Initializing ProtocolHandler ["http-nio-8081"]
2022-08-24 09:46:29,136 INFO org.apache.juli.logging.DirectJDKLog [main] Starting service [Tomcat]
2022-08-24 09:46:29,136 INFO org.apache.juli.logging.DirectJDKLog [main] Starting Servlet engine: [Apache Tomcat/9.0.56]
2022-08-24 09:46:29,182 INFO org.apache.juli.logging.DirectJDKLog [main] Initializing Spring embedded WebApplicationContext
2022-08-24 09:46:29,183 INFO org.springframework.boot.web.servlet.context.ServletWebServerApplicationContext [main] Root WebApplicationContext: initialization completed in 852 ms
2022-08-24 09:46:29,550 INFO org.springframework.boot.actuate.endpoint.web.EndpointLinksResolver [main] Exposing 1 endpoint(s) beneath base path '/actuator'
2022-08-24 09:46:29,567 INFO org.apache.juli.logging.DirectJDKLog [main] Starting ProtocolHandler ["http-nio-8081"]
2022-08-24 09:46:29,576 INFO org.springframework.boot.web.embedded.tomcat.TomcatWebServer [main] Tomcat started on port(s): 8081 (http) with context path ''
2022-08-24 09:46:29,587 INFO org.springframework.boot.StartupInfoLogger [main] Started TokenProviderApplication in 1.662 seconds (JVM running for 2.02)
2022-08-24 09:46:39,655 INFO org.apache.juli.logging.DirectJDKLog [http-nio-8081-exec-1] Initializing Spring DispatcherServlet 'dispatcherServlet'
2022-08-24 09:46:39,656 INFO org.springframework.web.servlet.FrameworkServlet [http-nio-8081-exec-1] Initializing Servlet 'dispatcherServlet'
2022-08-24 09:46:39,663 INFO org.springframework.web.servlet.FrameworkServlet [http-nio-8081-exec-1] Completed initialization in 6 ms
2022-08-24 09:46:39,789 INFO com.ciandt.token.provider.controllers.TokenAuthorizerController [http-nio-8081-exec-1] Recebido requisição para geração de token: teste
2022-08-24 09:46:39,830 ERROR com.ciandt.token.provider.controllers.TokenAuthorizerController [http-nio-8081-exec-1] Requisição inválida: Token expirado
2022-08-24 09:46:42,539 INFO com.ciandt.token.provider.controllers.TokenController [http-nio-8081-exec-3] Recebido requisição para criação de token para chave: teste
2022-08-24 09:46:42,551 INFO com.ciandt.token.provider.controllers.TokenController [http-nio-8081-exec-3] Token gerado com sucesso
2022-08-24 09:46:47,284 INFO com.ciandt.token.provider.controllers.TokenAuthorizerController [http-nio-8081-exec-4] Recebido requisição para geração de token: teste
2022-08-24 09:46:47,285 INFO com.ciandt.token.provider.controllers.TokenAuthorizerController [http-nio-8081-exec-4] Token validado com sucesso
2022-08-24 09:46:55,375 INFO com.ciandt.token.provider.controllers.TokenAuthorizerController [http-nio-8081-exec-5] Recebido requisição para geração de token: teste
2022-08-24 09:46:55,376 INFO com.ciandt.token.provider.controllers.TokenAuthorizerController [http-nio-8081-exec-5] Token validado com sucesso
2022-08-24 09:49:31,634 INFO org.springframework.boot.StartupInfoLogger [main] Starting TokenProviderApplication using Java 11.0.16 on lnb036041cps with PID 297451 (/home/bchagas/Documents/MyMusic-TotalJunho/TokenProvider/target/classes started by CIANDT\bchagas in /home/bchagas/Documents/MyMusic-TotalJunho)
2022-08-24 09:49:31,636 INFO org.springframework.boot.SpringApplication [main] No active profile set, falling back to default profiles: default
2022-08-24 09:49:32,344 INFO org.springframework.boot.web.embedded.tomcat.TomcatWebServer [main] Tomcat initialized with port(s): 8081 (http)
2022-08-24 09:49:32,351 INFO org.apache.juli.logging.DirectJDKLog [main] Initializing ProtocolHandler ["http-nio-8081"]
2022-08-24 09:49:32,352 INFO org.apache.juli.logging.DirectJDKLog [main] Starting service [Tomcat]
2022-08-24 09:49:32,352 INFO org.apache.juli.logging.DirectJDKLog [main] Starting Servlet engine: [Apache Tomcat/9.0.56]
2022-08-24 09:49:32,387 INFO org.apache.juli.logging.DirectJDKLog [main] Initializing Spring embedded WebApplicationContext
2022-08-24 09:49:32,388 INFO org.springframework.boot.web.servlet.context.ServletWebServerApplicationContext [main] Root WebApplicationContext: initialization completed in 715 ms
2022-08-24 09:49:32,750 INFO org.springframework.boot.actuate.endpoint.web.EndpointLinksResolver [main] Exposing 1 endpoint(s) beneath base path '/actuator'
2022-08-24 09:49:32,765 INFO org.apache.juli.logging.DirectJDKLog [main] Starting ProtocolHandler ["http-nio-8081"]
2022-08-24 09:49:32,772 INFO org.springframework.boot.web.embedded.tomcat.TomcatWebServer [main] Tomcat started on port(s): 8081 (http) with context path ''
2022-08-24 09:49:32,782 INFO org.springframework.boot.StartupInfoLogger [main] Started TokenProviderApplication in 1.487 seconds (JVM running for 1.812)
2022-08-24 09:49:51,089 INFO org.apache.juli.logging.DirectJDKLog [http-nio-8081-exec-1] Initializing Spring DispatcherServlet 'dispatcherServlet'
2022-08-24 09:49:51,090 INFO org.springframework.web.servlet.FrameworkServlet [http-nio-8081-exec-1] Initializing Servlet 'dispatcherServlet'
2022-08-24 09:49:51,093 INFO org.springframework.web.servlet.FrameworkServlet [http-nio-8081-exec-1] Completed initialization in 3 ms
2022-08-24 09:49:51,187 INFO com.ciandt.token.provider.controllers.TokenAuthorizerController [http-nio-8081-exec-1] Recebido requisição para geração de token: teste
2022-08-24 09:49:51,233 INFO com.ciandt.token.provider.controllers.TokenAuthorizerController [http-nio-8081-exec-1] Token validado com sucesso
2022-08-24 09:49:55,691 INFO com.ciandt.token.provider.controllers.TokenAuthorizerController [http-nio-8081-exec-2] Recebido requisição para geração de token: teste
2022-08-24 09:49:55,694 INFO com.ciandt.token.provider.controllers.TokenAuthorizerController [http-nio-8081-exec-2] Token validado com sucesso
2022-08-24 09:50:09,966 INFO com.ciandt.token.provider.controllers.TokenAuthorizerController [http-nio-8081-exec-3] Recebido requisição para geração de token: teste
2022-08-24 09:50:09,967 INFO com.ciandt.token.provider.controllers.TokenAuthorizerController [http-nio-8081-exec-3] Token validado com sucesso
2022-08-24 09:50:19,063 INFO com.ciandt.token.provider.controllers.TokenAuthorizerController [http-nio-8081-exec-4] Recebido requisição para geração de token: teste
2022-08-24 09:50:19,065 INFO com.ciandt.token.provider.controllers.TokenAuthorizerController [http-nio-8081-exec-4] Token validado com sucesso
