2022-08-22 16:09:44,491 INFO org.springframework.test.context.support.AbstractTestContextBootstrapper [main] Neither @ContextConfiguration nor @ContextHierarchy found for test class [com.ciandt.token.provider.TokenProviderApplicationTests], using SpringBootContextLoader
2022-08-22 16:09:44,495 INFO org.springframework.test.context.support.AbstractContextLoader [main] Could not detect default resource locations for test class [com.ciandt.token.provider.TokenProviderApplicationTests]: no resource found for suffixes {-context.xml, Context.groovy}.
2022-08-22 16:09:44,496 INFO org.springframework.test.context.support.AnnotationConfigContextLoaderUtils [main] Could not detect default configuration classes for test class [com.ciandt.token.provider.TokenProviderApplicationTests]: TokenProviderApplicationTests does not declare any static, non-private, non-final, nested classes annotated with @Configuration.
2022-08-22 16:09:44,563 INFO org.springframework.boot.test.context.SpringBootTestContextBootstrapper [main] Found @SpringBootConfiguration com.ciandt.token.provider.TokenProviderApplication for test class com.ciandt.token.provider.TokenProviderApplicationTests
2022-08-22 16:09:44,622 INFO org.springframework.test.context.support.AbstractTestContextBootstrapper [main] Loaded default TestExecutionListener class names from location [META-INF/spring.factories]: [org.springframework.boot.test.mock.mockito.MockitoTestExecutionListener, org.springframework.boot.test.mock.mockito.ResetMocksTestExecutionListener, org.springframework.boot.test.autoconfigure.restdocs.RestDocsTestExecutionListener, org.springframework.boot.test.autoconfigure.web.client.MockRestServiceServerResetTestExecutionListener, org.springframework.boot.test.autoconfigure.web.servlet.MockMvcPrintOnlyOnFailureTestExecutionListener, org.springframework.boot.test.autoconfigure.web.servlet.WebDriverTestExecutionListener, org.springframework.boot.test.autoconfigure.webservices.client.MockWebServiceServerTestExecutionListener, org.springframework.test.context.web.ServletTestExecutionListener, org.springframework.test.context.support.DirtiesContextBeforeModesTestExecutionListener, org.springframework.test.context.event.ApplicationEventsTestExecutionListener, org.springframework.test.context.support.DependencyInjectionTestExecutionListener, org.springframework.test.context.support.DirtiesContextTestExecutionListener, org.springframework.test.context.transaction.TransactionalTestExecutionListener, org.springframework.test.context.jdbc.SqlScriptsTestExecutionListener, org.springframework.test.context.event.EventPublishingTestExecutionListener]
2022-08-22 16:09:44,629 INFO org.springframework.test.context.support.AbstractTestContextBootstrapper [main] Using TestExecutionListeners: [org.springframework.test.context.web.ServletTestExecutionListener@33db72bd, org.springframework.test.context.support.DirtiesContextBeforeModesTestExecutionListener@7f92b990, org.springframework.test.context.event.ApplicationEventsTestExecutionListener@31e04b13, org.springframework.boot.test.mock.mockito.MockitoTestExecutionListener@6c1832aa, org.springframework.boot.test.autoconfigure.SpringBootDependencyInjectionTestExecutionListener@4beeb0e, org.springframework.test.context.support.DirtiesContextTestExecutionListener@6e8a9c30, org.springframework.test.context.event.EventPublishingTestExecutionListener@5d01ea21, org.springframework.boot.test.mock.mockito.ResetMocksTestExecutionListener@70211e49, org.springframework.boot.test.autoconfigure.restdocs.RestDocsTestExecutionListener@3b46dd8, org.springframework.boot.test.autoconfigure.web.client.MockRestServiceServerResetTestExecutionListener@39651a82, org.springframework.boot.test.autoconfigure.web.servlet.MockMvcPrintOnlyOnFailureTestExecutionListener@6be7bf6d, org.springframework.boot.test.autoconfigure.web.servlet.WebDriverTestExecutionListener@134c370e, org.springframework.boot.test.autoconfigure.webservices.client.MockWebServiceServerTestExecutionListener@33364212]
2022-08-22 16:09:44,812 INFO org.springframework.boot.StartupInfoLogger [main] Starting TokenProviderApplicationTests using Java 11.0.16 on lnb036041cps with PID 125371 (started by CIANDT\bchagas in /home/bchagas/Documents/MyMusic-TotalJunho/TokenProvider)
2022-08-22 16:09:44,813 INFO org.springframework.boot.SpringApplication [main] No active profile set, falling back to default profiles: default
2022-08-22 16:09:45,862 INFO org.springframework.boot.actuate.endpoint.web.EndpointLinksResolver [main] Exposing 1 endpoint(s) beneath base path '/actuator'
2022-08-22 16:09:45,892 INFO org.springframework.boot.StartupInfoLogger [main] Started TokenProviderApplicationTests in 1.243 seconds (JVM running for 2.293)
2022-08-22 16:10:40,186 INFO org.springframework.test.context.support.AbstractTestContextBootstrapper [main] Neither @ContextConfiguration nor @ContextHierarchy found for test class [com.ciandt.token.provider.TokenProviderApplicationTests], using SpringBootContextLoader
2022-08-22 16:10:40,191 INFO org.springframework.test.context.support.AbstractContextLoader [main] Could not detect default resource locations for test class [com.ciandt.token.provider.TokenProviderApplicationTests]: no resource found for suffixes {-context.xml, Context.groovy}.
2022-08-22 16:10:40,192 INFO org.springframework.test.context.support.AnnotationConfigContextLoaderUtils [main] Could not detect default configuration classes for test class [com.ciandt.token.provider.TokenProviderApplicationTests]: TokenProviderApplicationTests does not declare any static, non-private, non-final, nested classes annotated with @Configuration.
2022-08-22 16:10:40,245 INFO org.springframework.boot.test.context.SpringBootTestContextBootstrapper [main] Found @SpringBootConfiguration com.ciandt.token.provider.TokenProviderApplication for test class com.ciandt.token.provider.TokenProviderApplicationTests
2022-08-22 16:10:40,297 INFO org.springframework.test.context.support.AbstractTestContextBootstrapper [main] Loaded default TestExecutionListener class names from location [META-INF/spring.factories]: [org.springframework.boot.test.mock.mockito.MockitoTestExecutionListener, org.springframework.boot.test.mock.mockito.ResetMocksTestExecutionListener, org.springframework.boot.test.autoconfigure.restdocs.RestDocsTestExecutionListener, org.springframework.boot.test.autoconfigure.web.client.MockRestServiceServerResetTestExecutionListener, org.springframework.boot.test.autoconfigure.web.servlet.MockMvcPrintOnlyOnFailureTestExecutionListener, org.springframework.boot.test.autoconfigure.web.servlet.WebDriverTestExecutionListener, org.springframework.boot.test.autoconfigure.webservices.client.MockWebServiceServerTestExecutionListener, org.springframework.test.context.web.ServletTestExecutionListener, org.springframework.test.context.support.DirtiesContextBeforeModesTestExecutionListener, org.springframework.test.context.event.ApplicationEventsTestExecutionListener, org.springframework.test.context.support.DependencyInjectionTestExecutionListener, org.springframework.test.context.support.DirtiesContextTestExecutionListener, org.springframework.test.context.transaction.TransactionalTestExecutionListener, org.springframework.test.context.jdbc.SqlScriptsTestExecutionListener, org.springframework.test.context.event.EventPublishingTestExecutionListener]
2022-08-22 16:10:40,305 INFO org.springframework.test.context.support.AbstractTestContextBootstrapper [main] Using TestExecutionListeners: [org.springframework.test.context.web.ServletTestExecutionListener@6145b81e, org.springframework.test.context.support.DirtiesContextBeforeModesTestExecutionListener@64355120, org.springframework.test.context.event.ApplicationEventsTestExecutionListener@64b7225f, org.springframework.boot.test.mock.mockito.MockitoTestExecutionListener@33db72bd, org.springframework.boot.test.autoconfigure.SpringBootDependencyInjectionTestExecutionListener@7f92b990, org.springframework.test.context.support.DirtiesContextTestExecutionListener@31e04b13, org.springframework.test.context.event.EventPublishingTestExecutionListener@6c1832aa, org.springframework.boot.test.mock.mockito.ResetMocksTestExecutionListener@4beeb0e, org.springframework.boot.test.autoconfigure.restdocs.RestDocsTestExecutionListener@6e8a9c30, org.springframework.boot.test.autoconfigure.web.client.MockRestServiceServerResetTestExecutionListener@5d01ea21, org.springframework.boot.test.autoconfigure.web.servlet.MockMvcPrintOnlyOnFailureTestExecutionListener@70211e49, org.springframework.boot.test.autoconfigure.web.servlet.WebDriverTestExecutionListener@3b46dd8, org.springframework.boot.test.autoconfigure.webservices.client.MockWebServiceServerTestExecutionListener@39651a82]
2022-08-22 16:10:40,483 INFO org.springframework.boot.StartupInfoLogger [main] Starting TokenProviderApplicationTests using Java 11.0.16 on lnb036041cps with PID 125679 (started by CIANDT\bchagas in /home/bchagas/Documents/MyMusic-TotalJunho/TokenProvider)
2022-08-22 16:10:40,483 INFO org.springframework.boot.SpringApplication [main] No active profile set, falling back to default profiles: default
2022-08-22 16:10:41,429 INFO org.springframework.boot.actuate.endpoint.web.EndpointLinksResolver [main] Exposing 1 endpoint(s) beneath base path '/actuator'
2022-08-22 16:10:41,467 INFO org.springframework.boot.StartupInfoLogger [main] Started TokenProviderApplicationTests in 1.138 seconds (JVM running for 2.155)
2022-08-22 16:21:23,785 INFO org.springframework.test.context.support.AbstractTestContextBootstrapper [main] Neither @ContextConfiguration nor @ContextHierarchy found for test class [com.ciandt.token.provider.TokenProviderApplicationTests], using SpringBootContextLoader
2022-08-22 16:21:23,789 INFO org.springframework.test.context.support.AbstractContextLoader [main] Could not detect default resource locations for test class [com.ciandt.token.provider.TokenProviderApplicationTests]: no resource found for suffixes {-context.xml, Context.groovy}.
2022-08-22 16:21:23,790 INFO org.springframework.test.context.support.AnnotationConfigContextLoaderUtils [main] Could not detect default configuration classes for test class [com.ciandt.token.provider.TokenProviderApplicationTests]: TokenProviderApplicationTests does not declare any static, non-private, non-final, nested classes annotated with @Configuration.
2022-08-22 16:21:23,844 INFO org.springframework.boot.test.context.SpringBootTestContextBootstrapper [main] Found @SpringBootConfiguration com.ciandt.token.provider.TokenProviderApplication for test class com.ciandt.token.provider.TokenProviderApplicationTests
2022-08-22 16:21:23,896 INFO org.springframework.test.context.support.AbstractTestContextBootstrapper [main] Loaded default TestExecutionListener class names from location [META-INF/spring.factories]: [org.springframework.boot.test.mock.mockito.MockitoTestExecutionListener, org.springframework.boot.test.mock.mockito.ResetMocksTestExecutionListener, org.springframework.boot.test.autoconfigure.restdocs.RestDocsTestExecutionListener, org.springframework.boot.test.autoconfigure.web.client.MockRestServiceServerResetTestExecutionListener, org.springframework.boot.test.autoconfigure.web.servlet.MockMvcPrintOnlyOnFailureTestExecutionListener, org.springframework.boot.test.autoconfigure.web.servlet.WebDriverTestExecutionListener, org.springframework.boot.test.autoconfigure.webservices.client.MockWebServiceServerTestExecutionListener, org.springframework.test.context.web.ServletTestExecutionListener, org.springframework.test.context.support.DirtiesContextBeforeModesTestExecutionListener, org.springframework.test.context.event.ApplicationEventsTestExecutionListener, org.springframework.test.context.support.DependencyInjectionTestExecutionListener, org.springframework.test.context.support.DirtiesContextTestExecutionListener, org.springframework.test.context.transaction.TransactionalTestExecutionListener, org.springframework.test.context.jdbc.SqlScriptsTestExecutionListener, org.springframework.test.context.event.EventPublishingTestExecutionListener]
2022-08-22 16:21:23,904 INFO org.springframework.test.context.support.AbstractTestContextBootstrapper [main] Using TestExecutionListeners: [org.springframework.test.context.web.ServletTestExecutionListener@6145b81e, org.springframework.test.context.support.DirtiesContextBeforeModesTestExecutionListener@64355120, org.springframework.test.context.event.ApplicationEventsTestExecutionListener@64b7225f, org.springframework.boot.test.mock.mockito.MockitoTestExecutionListener@33db72bd, org.springframework.boot.test.autoconfigure.SpringBootDependencyInjectionTestExecutionListener@7f92b990, org.springframework.test.context.support.DirtiesContextTestExecutionListener@31e04b13, org.springframework.test.context.event.EventPublishingTestExecutionListener@6c1832aa, org.springframework.boot.test.mock.mockito.ResetMocksTestExecutionListener@4beeb0e, org.springframework.boot.test.autoconfigure.restdocs.RestDocsTestExecutionListener@6e8a9c30, org.springframework.boot.test.autoconfigure.web.client.MockRestServiceServerResetTestExecutionListener@5d01ea21, org.springframework.boot.test.autoconfigure.web.servlet.MockMvcPrintOnlyOnFailureTestExecutionListener@70211e49, org.springframework.boot.test.autoconfigure.web.servlet.WebDriverTestExecutionListener@3b46dd8, org.springframework.boot.test.autoconfigure.webservices.client.MockWebServiceServerTestExecutionListener@39651a82]
2022-08-22 16:21:24,130 INFO org.springframework.boot.StartupInfoLogger [main] Starting TokenProviderApplicationTests using Java 11.0.16 on lnb036041cps with PID 128189 (started by CIANDT\bchagas in /home/bchagas/Documents/MyMusic-TotalJunho/TokenProvider)
2022-08-22 16:21:24,131 INFO org.springframework.boot.SpringApplication [main] No active profile set, falling back to default profiles: default
2022-08-22 16:21:25,318 INFO org.springframework.boot.actuate.endpoint.web.EndpointLinksResolver [main] Exposing 1 endpoint(s) beneath base path '/actuator'
2022-08-22 16:21:25,348 INFO org.springframework.boot.StartupInfoLogger [main] Started TokenProviderApplicationTests in 1.426 seconds (JVM running for 2.403)
2022-08-23 11:04:45,666 INFO org.springframework.test.context.support.AbstractTestContextBootstrapper [main] Neither @ContextConfiguration nor @ContextHierarchy found for test class [com.ciandt.token.provider.TokenProviderApplicationTests], using SpringBootContextLoader
2022-08-23 11:04:45,670 INFO org.springframework.test.context.support.AbstractContextLoader [main] Could not detect default resource locations for test class [com.ciandt.token.provider.TokenProviderApplicationTests]: no resource found for suffixes {-context.xml, Context.groovy}.
2022-08-23 11:04:45,670 INFO org.springframework.test.context.support.AnnotationConfigContextLoaderUtils [main] Could not detect default configuration classes for test class [com.ciandt.token.provider.TokenProviderApplicationTests]: TokenProviderApplicationTests does not declare any static, non-private, non-final, nested classes annotated with @Configuration.
2022-08-23 11:04:45,730 INFO org.springframework.boot.test.context.SpringBootTestContextBootstrapper [main] Found @SpringBootConfiguration com.ciandt.token.provider.TokenProviderApplication for test class com.ciandt.token.provider.TokenProviderApplicationTests
2022-08-23 11:04:45,781 INFO org.springframework.test.context.support.AbstractTestContextBootstrapper [main] Loaded default TestExecutionListener class names from location [META-INF/spring.factories]: [org.springframework.boot.test.mock.mockito.MockitoTestExecutionListener, org.springframework.boot.test.mock.mockito.ResetMocksTestExecutionListener, org.springframework.boot.test.autoconfigure.restdocs.RestDocsTestExecutionListener, org.springframework.boot.test.autoconfigure.web.client.MockRestServiceServerResetTestExecutionListener, org.springframework.boot.test.autoconfigure.web.servlet.MockMvcPrintOnlyOnFailureTestExecutionListener, org.springframework.boot.test.autoconfigure.web.servlet.WebDriverTestExecutionListener, org.springframework.boot.test.autoconfigure.webservices.client.MockWebServiceServerTestExecutionListener, org.springframework.test.context.web.ServletTestExecutionListener, org.springframework.test.context.support.DirtiesContextBeforeModesTestExecutionListener, org.springframework.test.context.event.ApplicationEventsTestExecutionListener, org.springframework.test.context.support.DependencyInjectionTestExecutionListener, org.springframework.test.context.support.DirtiesContextTestExecutionListener, org.springframework.test.context.transaction.TransactionalTestExecutionListener, org.springframework.test.context.jdbc.SqlScriptsTestExecutionListener, org.springframework.test.context.event.EventPublishingTestExecutionListener]
2022-08-23 11:04:45,795 INFO org.springframework.test.context.support.AbstractTestContextBootstrapper [main] Using TestExecutionListeners: [org.springframework.test.context.web.ServletTestExecutionListener@6e8a9c30, org.springframework.test.context.support.DirtiesContextBeforeModesTestExecutionListener@5d01ea21, org.springframework.test.context.event.ApplicationEventsTestExecutionListener@70211e49, org.springframework.boot.test.mock.mockito.MockitoTestExecutionListener@3b46dd8, org.springframework.boot.test.autoconfigure.SpringBootDependencyInjectionTestExecutionListener@39651a82, org.springframework.test.context.support.DirtiesContextTestExecutionListener@6be7bf6d, org.springframework.test.context.event.EventPublishingTestExecutionListener@134c370e, org.springframework.boot.test.mock.mockito.ResetMocksTestExecutionListener@33364212, org.springframework.boot.test.autoconfigure.restdocs.RestDocsTestExecutionListener@2216effc, org.springframework.boot.test.autoconfigure.web.client.MockRestServiceServerResetTestExecutionListener@745c2004, org.springframework.boot.test.autoconfigure.web.servlet.MockMvcPrintOnlyOnFailureTestExecutionListener@6da9dc6, org.springframework.boot.test.autoconfigure.web.servlet.WebDriverTestExecutionListener@7fd69dd, org.springframework.boot.test.autoconfigure.webservices.client.MockWebServiceServerTestExecutionListener@12010fd1]
2022-08-23 11:04:46,012 INFO org.springframework.boot.StartupInfoLogger [main] Starting TokenProviderApplicationTests using Java 11.0.16 on lnb036041cps with PID 190060 (started by CIANDT\bchagas in /home/bchagas/Documents/MyMusic-TotalJunho/TokenProvider)
2022-08-23 11:04:46,012 INFO org.springframework.boot.SpringApplication [main] No active profile set, falling back to default profiles: default
2022-08-23 11:04:47,045 INFO org.springframework.boot.actuate.endpoint.web.EndpointLinksResolver [main] Exposing 1 endpoint(s) beneath base path '/actuator'
2022-08-23 11:04:47,076 INFO org.springframework.boot.StartupInfoLogger [main] Started TokenProviderApplicationTests in 1.257 seconds (JVM running for 2.309)
2022-08-24 11:39:46,505 INFO org.springframework.boot.StartupInfoLogger [main] Starting TokenProviderApplication using Java 18.0.2.1 on lnb035517cps with PID 796632 (/home/jehan/Documentos/projetos/MyMusic-TotalJunho/TokenProvider/target/classes started by CIANDT\jehan in /home/jehan/Documentos/projetos/MyMusic-TotalJunho/TokenProvider)
2022-08-24 11:39:46,507 INFO org.springframework.boot.SpringApplication [main] No active profile set, falling back to default profiles: default
2022-08-24 11:39:47,360 INFO org.springframework.boot.web.embedded.tomcat.TomcatWebServer [main] Tomcat initialized with port(s): 8081 (http)
2022-08-24 11:39:47,367 INFO org.apache.juli.logging.DirectJDKLog [main] Initializing ProtocolHandler ["http-nio-8081"]
2022-08-24 11:39:47,368 INFO org.apache.juli.logging.DirectJDKLog [main] Starting service [Tomcat]
2022-08-24 11:39:47,368 INFO org.apache.juli.logging.DirectJDKLog [main] Starting Servlet engine: [Apache Tomcat/9.0.56]
2022-08-24 11:39:47,406 INFO org.apache.juli.logging.DirectJDKLog [main] Initializing Spring embedded WebApplicationContext
2022-08-24 11:39:47,406 INFO org.springframework.boot.web.servlet.context.ServletWebServerApplicationContext [main] Root WebApplicationContext: initialization completed in 871 ms
2022-08-24 11:39:47,795 INFO org.springframework.boot.actuate.endpoint.web.EndpointLinksResolver [main] Exposing 1 endpoint(s) beneath base path '/actuator'
2022-08-24 11:39:47,813 INFO org.apache.juli.logging.DirectJDKLog [main] Starting ProtocolHandler ["http-nio-8081"]
2022-08-24 11:39:47,822 INFO org.springframework.boot.web.embedded.tomcat.TomcatWebServer [main] Tomcat started on port(s): 8081 (http) with context path ''
2022-08-24 11:39:47,834 INFO org.springframework.boot.StartupInfoLogger [main] Started TokenProviderApplication in 1.693 seconds (JVM running for 2.109)
2022-08-24 13:28:47,438 INFO org.apache.juli.logging.DirectJDKLog [http-nio-8081-exec-2] Initializing Spring DispatcherServlet 'dispatcherServlet'
2022-08-24 13:28:47,438 INFO org.springframework.web.servlet.FrameworkServlet [http-nio-8081-exec-2] Initializing Servlet 'dispatcherServlet'
2022-08-24 13:28:47,439 INFO org.springframework.web.servlet.FrameworkServlet [http-nio-8081-exec-2] Completed initialization in 1 ms
2022-08-24 13:28:47,483 INFO com.ciandt.token.provider.controllers.TokenController [http-nio-8081-exec-2] Recebido requisição para criação de token para chave: teste
2022-08-24 13:28:47,526 INFO com.ciandt.token.provider.controllers.TokenController [http-nio-8081-exec-2] Token gerado com sucesso
2022-08-24 13:29:00,939 INFO com.ciandt.token.provider.controllers.TokenAuthorizerController [http-nio-8081-exec-3] Recebido requisição para geração de token: teste
2022-08-24 13:29:00,949 ERROR com.ciandt.token.provider.controllers.TokenAuthorizerController [http-nio-8081-exec-3] Requisição inválida: Token expirado
2022-08-24 13:29:09,128 INFO com.ciandt.token.provider.controllers.TokenAuthorizerController [http-nio-8081-exec-5] Recebido requisição para geração de token: teste
2022-08-24 13:29:09,130 ERROR com.ciandt.token.provider.controllers.TokenAuthorizerController [http-nio-8081-exec-5] Requisição inválida: Token expirado
2022-08-24 13:29:25,236 INFO com.ciandt.token.provider.controllers.TokenController [http-nio-8081-exec-7] Recebido requisição para criação de token para chave: teste
2022-08-24 13:29:25,237 INFO com.ciandt.token.provider.controllers.TokenController [http-nio-8081-exec-7] Token gerado com sucesso
2022-08-24 13:29:40,175 INFO com.ciandt.token.provider.controllers.TokenAuthorizerController [http-nio-8081-exec-8] Recebido requisição para geração de token: teste
2022-08-24 13:29:40,176 INFO com.ciandt.token.provider.controllers.TokenAuthorizerController [http-nio-8081-exec-8] Token validado com sucesso
2022-08-24 13:30:19,908 INFO com.ciandt.token.provider.controllers.TokenAuthorizerController [http-nio-8081-exec-9] Recebido requisição para geração de token: teste
2022-08-24 13:30:19,909 ERROR com.ciandt.token.provider.controllers.TokenAuthorizerController [http-nio-8081-exec-9] Requisição inválida: Token expirado
2022-08-24 13:30:33,744 INFO com.ciandt.token.provider.controllers.TokenController [http-nio-8081-exec-10] Recebido requisição para criação de token para chave: teste
2022-08-24 13:30:33,745 INFO com.ciandt.token.provider.controllers.TokenController [http-nio-8081-exec-10] Token gerado com sucesso
2022-08-24 13:30:38,452 INFO com.ciandt.token.provider.controllers.TokenAuthorizerController [http-nio-8081-exec-1] Recebido requisição para geração de token: teste
2022-08-24 13:30:38,454 INFO com.ciandt.token.provider.controllers.TokenAuthorizerController [http-nio-8081-exec-1] Token validado com sucesso
2022-08-24 13:30:42,460 INFO com.ciandt.token.provider.controllers.TokenAuthorizerController [http-nio-8081-exec-2] Recebido requisição para geração de token: teste
2022-08-24 13:30:42,461 ERROR com.ciandt.token.provider.controllers.TokenAuthorizerController [http-nio-8081-exec-2] Requisição inválida: Token expirado
2022-08-24 13:36:16,450 INFO com.ciandt.token.provider.controllers.TokenAuthorizerController [http-nio-8081-exec-4] Recebido requisição para geração de token: teste
2022-08-24 13:36:16,451 INFO com.ciandt.token.provider.controllers.TokenAuthorizerController [http-nio-8081-exec-4] Token validado com sucesso
2022-08-24 13:37:41,381 INFO com.ciandt.token.provider.controllers.TokenAuthorizerController [http-nio-8081-exec-6] Recebido requisição para geração de token: teste
2022-08-24 13:37:41,382 INFO com.ciandt.token.provider.controllers.TokenAuthorizerController [http-nio-8081-exec-6] Token validado com sucesso
2022-08-26 10:30:24,287 INFO org.springframework.test.context.support.AbstractTestContextBootstrapper [main] Neither @ContextConfiguration nor @ContextHierarchy found for test class [com.ciandt.token.provider.TokenProviderApplicationTests], using SpringBootContextLoader
2022-08-26 10:30:24,292 INFO org.springframework.test.context.support.AbstractContextLoader [main] Could not detect default resource locations for test class [com.ciandt.token.provider.TokenProviderApplicationTests]: no resource found for suffixes {-context.xml, Context.groovy}.
2022-08-26 10:30:24,293 INFO org.springframework.test.context.support.AnnotationConfigContextLoaderUtils [main] Could not detect default configuration classes for test class [com.ciandt.token.provider.TokenProviderApplicationTests]: TokenProviderApplicationTests does not declare any static, non-private, non-final, nested classes annotated with @Configuration.
2022-08-26 10:30:24,357 INFO org.springframework.boot.test.context.SpringBootTestContextBootstrapper [main] Found @SpringBootConfiguration com.ciandt.token.provider.TokenProviderApplication for test class com.ciandt.token.provider.TokenProviderApplicationTests
2022-08-26 10:30:24,413 INFO org.springframework.test.context.support.AbstractTestContextBootstrapper [main] Loaded default TestExecutionListener class names from location [META-INF/spring.factories]: [org.springframework.boot.test.mock.mockito.MockitoTestExecutionListener, org.springframework.boot.test.mock.mockito.ResetMocksTestExecutionListener, org.springframework.boot.test.autoconfigure.restdocs.RestDocsTestExecutionListener, org.springframework.boot.test.autoconfigure.web.client.MockRestServiceServerResetTestExecutionListener, org.springframework.boot.test.autoconfigure.web.servlet.MockMvcPrintOnlyOnFailureTestExecutionListener, org.springframework.boot.test.autoconfigure.web.servlet.WebDriverTestExecutionListener, org.springframework.boot.test.autoconfigure.webservices.client.MockWebServiceServerTestExecutionListener, org.springframework.test.context.web.ServletTestExecutionListener, org.springframework.test.context.support.DirtiesContextBeforeModesTestExecutionListener, org.springframework.test.context.event.ApplicationEventsTestExecutionListener, org.springframework.test.context.support.DependencyInjectionTestExecutionListener, org.springframework.test.context.support.DirtiesContextTestExecutionListener, org.springframework.test.context.transaction.TransactionalTestExecutionListener, org.springframework.test.context.jdbc.SqlScriptsTestExecutionListener, org.springframework.test.context.event.EventPublishingTestExecutionListener]
2022-08-26 10:30:24,422 INFO org.springframework.test.context.support.AbstractTestContextBootstrapper [main] Using TestExecutionListeners: [org.springframework.test.context.web.ServletTestExecutionListener@681e144, org.springframework.test.context.support.DirtiesContextBeforeModesTestExecutionListener@2875b016, org.springframework.test.context.event.ApplicationEventsTestExecutionListener@72ee5d84, org.springframework.boot.test.mock.mockito.MockitoTestExecutionListener@68c7ef83, org.springframework.boot.test.autoconfigure.SpringBootDependencyInjectionTestExecutionListener@6145b81e, org.springframework.test.context.support.DirtiesContextTestExecutionListener@64355120, org.springframework.test.context.event.EventPublishingTestExecutionListener@64b7225f, org.springframework.boot.test.mock.mockito.ResetMocksTestExecutionListener@33db72bd, org.springframework.boot.test.autoconfigure.restdocs.RestDocsTestExecutionListener@7f92b990, org.springframework.boot.test.autoconfigure.web.client.MockRestServiceServerResetTestExecutionListener@31e04b13, org.springframework.boot.test.autoconfigure.web.servlet.MockMvcPrintOnlyOnFailureTestExecutionListener@6c1832aa, org.springframework.boot.test.autoconfigure.web.servlet.WebDriverTestExecutionListener@4beeb0e, org.springframework.boot.test.autoconfigure.webservices.client.MockWebServiceServerTestExecutionListener@6e8a9c30]
2022-08-26 10:30:24,676 INFO org.springframework.boot.StartupInfoLogger [main] Starting TokenProviderApplicationTests using Java 11.0.16 on lnb036041cps with PID 597169 (started by CIANDT\bchagas in /home/bchagas/Documents/MyMusic-TotalJunho/TokenProvider)
2022-08-26 10:30:24,677 INFO org.springframework.boot.SpringApplication [main] No active profile set, falling back to default profiles: default
2022-08-26 10:30:26,173 INFO org.springframework.boot.actuate.endpoint.web.EndpointLinksResolver [main] Exposing 1 endpoint(s) beneath base path '/actuator'
2022-08-26 10:30:26,224 INFO org.springframework.boot.StartupInfoLogger [main] Started TokenProviderApplicationTests in 1.777 seconds (JVM running for 2.885)
2022-08-30 15:44:12,283 INFO org.springframework.boot.StartupInfoLogger [main] Starting TokenProviderApplication using Java 18.0.1.1 on lnb036055cps with PID 2581943 (/home/jezielle/Documents/projects/MyMusic-TotalJunho/TokenProvider/target/classes started by CIANDT\jezielle in /home/jezielle/Documents/projects/MyMusic-TotalJunho/TokenProvider)
2022-08-30 15:44:12,285 INFO org.springframework.boot.SpringApplication [main] No active profile set, falling back to default profiles: default
2022-08-30 15:44:13,096 INFO org.springframework.boot.web.embedded.tomcat.TomcatWebServer [main] Tomcat initialized with port(s): 8081 (http)
2022-08-30 15:44:13,102 INFO org.apache.juli.logging.DirectJDKLog [main] Initializing ProtocolHandler ["http-nio-8081"]
2022-08-30 15:44:13,103 INFO org.apache.juli.logging.DirectJDKLog [main] Starting service [Tomcat]
2022-08-30 15:44:13,103 INFO org.apache.juli.logging.DirectJDKLog [main] Starting Servlet engine: [Apache Tomcat/9.0.56]
2022-08-30 15:44:13,144 INFO org.apache.juli.logging.DirectJDKLog [main] Initializing Spring embedded WebApplicationContext
2022-08-30 15:44:13,144 INFO org.springframework.boot.web.servlet.context.ServletWebServerApplicationContext [main] Root WebApplicationContext: initialization completed in 823 ms
2022-08-30 15:44:13,536 INFO org.springframework.boot.actuate.endpoint.web.EndpointLinksResolver [main] Exposing 1 endpoint(s) beneath base path '/actuator'
2022-08-30 15:44:13,554 INFO org.apache.juli.logging.DirectJDKLog [main] Starting ProtocolHandler ["http-nio-8081"]
2022-08-30 15:44:13,563 INFO org.springframework.boot.web.embedded.tomcat.TomcatWebServer [main] Tomcat started on port(s): 8081 (http) with context path ''
2022-08-30 15:44:13,575 INFO org.springframework.boot.StartupInfoLogger [main] Started TokenProviderApplication in 1.591 seconds (JVM running for 1.984)
2022-08-30 15:45:42,354 INFO org.apache.juli.logging.DirectJDKLog [http-nio-8081-exec-2] Initializing Spring DispatcherServlet 'dispatcherServlet'
2022-08-30 15:45:42,355 INFO org.springframework.web.servlet.FrameworkServlet [http-nio-8081-exec-2] Initializing Servlet 'dispatcherServlet'
2022-08-30 15:45:42,360 INFO org.springframework.web.servlet.FrameworkServlet [http-nio-8081-exec-2] Completed initialization in 5 ms
2022-08-30 15:45:42,442 INFO com.ciandt.token.provider.controllers.TokenController [http-nio-8081-exec-2] Recebido requisição para criação de token para chave: teste
2022-08-30 15:45:42,503 INFO com.ciandt.token.provider.controllers.TokenController [http-nio-8081-exec-2] Token gerado com sucesso
2022-08-30 15:46:17,742 INFO com.ciandt.token.provider.controllers.TokenAuthorizerController [http-nio-8081-exec-3] Recebido requisição para geração de token: teste
2022-08-30 15:46:17,745 INFO com.ciandt.token.provider.controllers.TokenAuthorizerController [http-nio-8081-exec-3] Token validado com sucesso
2022-08-30 15:46:36,949 INFO com.ciandt.token.provider.controllers.TokenAuthorizerController [http-nio-8081-exec-4] Recebido requisição para geração de token: teste
2022-08-30 15:46:36,951 INFO com.ciandt.token.provider.controllers.TokenAuthorizerController [http-nio-8081-exec-4] Token validado com sucesso
2022-08-30 15:46:50,248 INFO com.ciandt.token.provider.controllers.TokenAuthorizerController [http-nio-8081-exec-5] Recebido requisição para geração de token: teste
2022-08-30 15:46:50,250 INFO com.ciandt.token.provider.controllers.TokenAuthorizerController [http-nio-8081-exec-5] Token validado com sucesso
2022-08-30 15:47:27,739 INFO com.ciandt.token.provider.controllers.TokenAuthorizerController [http-nio-8081-exec-7] Recebido requisição para geração de token: teste
2022-08-30 15:47:27,740 INFO com.ciandt.token.provider.controllers.TokenAuthorizerController [http-nio-8081-exec-7] Token validado com sucesso
2022-08-30 16:14:12,435 INFO com.ciandt.token.provider.controllers.TokenAuthorizerController [http-nio-8081-exec-9] Recebido requisição para geração de token: teste
2022-08-30 16:14:12,446 ERROR com.ciandt.token.provider.controllers.TokenAuthorizerController [http-nio-8081-exec-9] Requisição inválida: Token expirado
2022-08-30 16:14:18,800 INFO com.ciandt.token.provider.controllers.TokenController [http-nio-8081-exec-1] Recebido requisição para criação de token para chave: teste
2022-08-30 16:14:18,802 INFO com.ciandt.token.provider.controllers.TokenController [http-nio-8081-exec-1] Token gerado com sucesso
2022-08-30 16:14:33,447 INFO com.ciandt.token.provider.controllers.TokenAuthorizerController [http-nio-8081-exec-2] Recebido requisição para geração de token: teste
2022-08-30 16:14:33,449 INFO com.ciandt.token.provider.controllers.TokenAuthorizerController [http-nio-8081-exec-2] Token validado com sucesso
2022-08-30 16:14:44,465 INFO com.ciandt.token.provider.controllers.TokenAuthorizerController [http-nio-8081-exec-3] Recebido requisição para geração de token: teste
2022-08-30 16:14:44,467 INFO com.ciandt.token.provider.controllers.TokenAuthorizerController [http-nio-8081-exec-3] Token validado com sucesso
2022-08-30 16:15:08,170 INFO com.ciandt.token.provider.controllers.TokenAuthorizerController [http-nio-8081-exec-4] Recebido requisição para geração de token: teste
2022-08-30 16:15:08,171 INFO com.ciandt.token.provider.controllers.TokenAuthorizerController [http-nio-8081-exec-4] Token validado com sucesso
2022-08-30 16:15:21,106 INFO com.ciandt.token.provider.controllers.TokenAuthorizerController [http-nio-8081-exec-5] Recebido requisição para geração de token: teste
2022-08-30 16:15:21,107 INFO com.ciandt.token.provider.controllers.TokenAuthorizerController [http-nio-8081-exec-5] Token validado com sucesso
2022-08-30 16:16:35,932 INFO com.ciandt.token.provider.controllers.TokenAuthorizerController [http-nio-8081-exec-8] Recebido requisição para geração de token: teste
2022-08-30 16:16:35,939 INFO com.ciandt.token.provider.controllers.TokenAuthorizerController [http-nio-8081-exec-8] Token validado com sucesso
2022-08-30 16:16:44,968 INFO com.ciandt.token.provider.controllers.TokenAuthorizerController [http-nio-8081-exec-9] Recebido requisição para geração de token: teste
2022-08-30 16:16:44,969 INFO com.ciandt.token.provider.controllers.TokenAuthorizerController [http-nio-8081-exec-9] Token validado com sucesso
2022-08-30 16:17:12,238 INFO com.ciandt.token.provider.controllers.TokenAuthorizerController [http-nio-8081-exec-10] Recebido requisição para geração de token: teste
2022-08-30 16:17:12,239 INFO com.ciandt.token.provider.controllers.TokenAuthorizerController [http-nio-8081-exec-10] Token validado com sucesso
2022-08-30 16:17:22,319 INFO com.ciandt.token.provider.controllers.TokenAuthorizerController [http-nio-8081-exec-1] Recebido requisição para geração de token: teste
2022-08-30 16:17:22,320 INFO com.ciandt.token.provider.controllers.TokenAuthorizerController [http-nio-8081-exec-1] Token validado com sucesso
2022-08-30 16:17:53,250 INFO com.ciandt.token.provider.controllers.TokenAuthorizerController [http-nio-8081-exec-2] Recebido requisição para geração de token: teste
2022-08-30 16:17:53,251 INFO com.ciandt.token.provider.controllers.TokenAuthorizerController [http-nio-8081-exec-2] Token validado com sucesso
2022-08-30 16:27:55,009 INFO com.ciandt.token.provider.controllers.TokenAuthorizerController [http-nio-8081-exec-4] Recebido requisição para geração de token: teste
2022-08-30 16:27:55,010 INFO com.ciandt.token.provider.controllers.TokenAuthorizerController [http-nio-8081-exec-4] Token validado com sucesso
2022-08-30 16:28:10,333 INFO com.ciandt.token.provider.controllers.TokenAuthorizerController [http-nio-8081-exec-5] Recebido requisição para geração de token: teste
2022-08-30 16:28:10,334 INFO com.ciandt.token.provider.controllers.TokenAuthorizerController [http-nio-8081-exec-5] Token validado com sucesso
2022-08-30 16:28:22,406 INFO com.ciandt.token.provider.controllers.TokenAuthorizerController [http-nio-8081-exec-6] Recebido requisição para geração de token: teste
2022-08-30 16:28:22,407 INFO com.ciandt.token.provider.controllers.TokenAuthorizerController [http-nio-8081-exec-6] Token validado com sucesso
2022-08-30 16:28:38,542 INFO com.ciandt.token.provider.controllers.TokenAuthorizerController [http-nio-8081-exec-7] Recebido requisição para geração de token: teste
2022-08-30 16:28:38,544 INFO com.ciandt.token.provider.controllers.TokenAuthorizerController [http-nio-8081-exec-7] Token validado com sucesso
